#
# A fatal error has been detected by the Java Runtime Environment:
#
#  EXCEPTION_ACCESS_VIOLATION (0xc0000005) at pc=0x6d89a16b, pid=4300, tid=5328
#
# JRE version: 6.0_27-b07
# Java VM: Java HotSpot(TM) Client VM (20.2-b06 mixed mode windows-x86 )
# Problematic frame:
# V  [jvm.dll+0xaa16b]
#
# If you would like to submit a bug report, please visit:
#   http://java.sun.com/webapps/bugreport/crash.jsp
#

---------------  T H R E A D  ---------------

Current thread (0x01789800):  JavaThread "JDWP Transport Listener: dt_socket" daemon [_thread_in_vm, id=5328, stack(0x179f0000,0x17a40000)]

siginfo: ExceptionCode=0xc0000005, reading address 0x003b4c52

Registers:
EAX=0x003b4c52, EBX=0x00000000, ECX=0x000071ee, EDX=0x00000000
ESP=0x17a3fc14, EBP=0x17a3fc18, ESI=0x01789800, EDI=0x016cece0
EIP=0x6d89a16b, EFLAGS=0x00010202

Top of Stack: (sp=0x17a3fc14)
0x17a3fc14:   01789800 17a3fc40 6d988232 003b4c52
0x17a3fc24:   17a3fcc4 17a3fc7b 01789800 00000000
0x17a3fc34:   00000000 00000000 01789800 17a3fc7c
0x17a3fc44:   6d389770 016cece0 003b4c52 17a3fc7b
0x17a3fc54:   003b4c52 6d3742c9 003b4c52 17a3fc7b
0x17a3fc64:   00000003 00000000 00000000 00000009
0x17a3fc74:   00000000 00a3fc9c 17a3fc9c 6d374434
0x17a3fc84:   00000001 17a3fcb8 17a3fe54 6d392b02 

Instructions: (pc=0x6d89a16b)
0x6d89a14b:   4e 10 89 4f 0c 5f 5e 5d c2 0c 00 cc cc cc cc cc
0x6d89a15b:   cc cc cc cc cc 55 8b ec 8b 45 08 85 c0 56 74 25
0x6d89a16b:   8b 30 85 f6 74 1f 81 fe fe fe fe fe 74 17 8b 46
0x6d89a17b:   04 8d 48 08 8b 01 ff 90 90 00 00 00 84 c0 74 05 


Register to memory mapping:

EAX=0x003b4c52 is an unknown value
EBX=0x00000000 is an unknown value
ECX=0x000071ee is an unknown value
EDX=0x00000000 is an unknown value
ESP=0x17a3fc14 is pointing into the stack for thread: 0x01789800
EBP=0x17a3fc18 is pointing into the stack for thread: 0x01789800
ESI=0x01789800 is a thread
EDI=0x016cece0 is an unknown value


Stack: [0x179f0000,0x17a40000],  sp=0x17a3fc14,  free space=319k
Native frames: (J=compiled Java code, j=interpreted, Vv=VM code, C=native code)
V  [jvm.dll+0xaa16b]
V  [jvm.dll+0x198232]
C  [jdwp.dll+0x19770]  Agent_OnLoad+0xe6e5
C  [jdwp.dll+0x4434]
C  [jdwp.dll+0x4472]
C  [jdwp.dll+0x17d55]  Agent_OnLoad+0xccca
V  [jvm.dll+0x140fec]
C  [msvcr71.dll+0x9565]  endthreadex+0xa0
C  [kernel32.dll+0x4ed5c]  BaseThreadInitThunk+0x12
C  [ntdll.dll+0x637eb]  RtlInitializeExceptionChain+0xef
C  [ntdll.dll+0x637be]  RtlInitializeExceptionChain+0xc2


---------------  P R O C E S S  ---------------

Java Threads: ( => current thread )
  0x0179f800 JavaThread "Low Memory Detector" daemon [_thread_blocked, id=5180, stack(0x17c10000,0x17c60000)]
  0x0179b800 JavaThread "C1 CompilerThread0" daemon [_thread_blocked, id=4884, stack(0x17bb0000,0x17c00000)]
  0x0178d400 JavaThread "JDWP Command Reader" daemon [_thread_in_native, id=5036, stack(0x17b10000,0x17b60000)]
  0x0178b400 JavaThread "JDWP Event Helper Thread" daemon [_thread_blocked, id=6104, stack(0x17ac0000,0x17b10000)]
=>0x01789800 JavaThread "JDWP Transport Listener: dt_socket" daemon [_thread_in_vm, id=5328, stack(0x179f0000,0x17a40000)]
  0x01757400 JavaThread "Attach Listener" daemon [_thread_blocked, id=1276, stack(0x17950000,0x179a0000)]
  0x01754400 JavaThread "Signal Dispatcher" daemon [_thread_blocked, id=5560, stack(0x17900000,0x17950000)]
  0x0174d400 JavaThread "Finalizer" daemon [_thread_blocked, id=3660, stack(0x178b0000,0x17900000)]
  0x01748800 JavaThread "Reference Handler" daemon [_thread_blocked, id=4472, stack(0x17860000,0x178b0000)]
  0x015a9800 JavaThread "main" [_thread_blocked, id=3864, stack(0x00140000,0x00190000)]

Other Threads:
  0x01745000 VMThread [stack: 0x17810000,0x17860000] [id=1256]
  0x017a4000 WatcherThread [stack: 0x17c60000,0x17cb0000] [id=3308]

VM state:not at safepoint (normal execution)

VM Mutex/Monitor currently owned by a thread: None

Heap
 def new generation   total 4928K, used 369K [0x037b0000, 0x03d00000, 0x08d00000)
  eden space 4416K,   8% used [0x037b0000, 0x0380c588, 0x03c00000)
  from space 512K,   0% used [0x03c00000, 0x03c00000, 0x03c80000)
  to   space 512K,   0% used [0x03c80000, 0x03c80000, 0x03d00000)
 tenured generation   total 10944K, used 0K [0x08d00000, 0x097b0000, 0x137b0000)
   the space 10944K,   0% used [0x08d00000, 0x08d00000, 0x08d00200, 0x097b0000)
 compacting perm gen  total 12288K, used 2085K [0x137b0000, 0x143b0000, 0x177b0000)
   the space 12288K,  16% used [0x137b0000, 0x139b97a8, 0x139b9800, 0x143b0000)
No shared spaces configured.

Code Cache  [0x017b0000, 0x01820000, 0x037b0000)
 total_blobs=119 nmethods=3 adapters=61 free_code_cache=33109504 largest_free_block=0

Dynamic libraries:
0x00400000 - 0x00424000 	E:\java\jre6\bin\javaw.exe
0x778c0000 - 0x779fc000 	C:\Windows\SYSTEM32\ntdll.dll
0x77660000 - 0x77734000 	C:\Windows\system32\kernel32.dll
0x75970000 - 0x759bb000 	C:\Windows\system32\KERNELBASE.dll
0x775c0000 - 0x77660000 	C:\Windows\system32\ADVAPI32.dll
0x77740000 - 0x777ec000 	C:\Windows\system32\msvcrt.dll
0x77a10000 - 0x77a29000 	C:\Windows\SYSTEM32\sechost.dll
0x76ec0000 - 0x76f62000 	C:\Windows\system32\RPCRT4.dll
0x76b60000 - 0x76c29000 	C:\Windows\system32\USER32.dll
0x77120000 - 0x7716e000 	C:\Windows\system32\GDI32.dll
0x76f70000 - 0x76f7a000 	C:\Windows\system32\LPK.dll
0x77200000 - 0x7729d000 	C:\Windows\system32\USP10.dll
0x76ea0000 - 0x76ebf000 	C:\Windows\system32\IMM32.DLL
0x777f0000 - 0x778bc000 	C:\Windows\system32\MSCTF.dll
0x7c340000 - 0x7c396000 	E:\java\jre6\bin\msvcr71.dll
0x6d7f0000 - 0x6da9f000 	E:\java\jre6\bin\client\jvm.dll
0x741b0000 - 0x741e2000 	C:\Windows\system32\WINMM.dll
0x75810000 - 0x7585c000 	C:\Windows\system32\apphelp.dll
0x6d7a0000 - 0x6d7ac000 	E:\java\jre6\bin\verify.dll
0x6d320000 - 0x6d33f000 	E:\java\jre6\bin\java.dll
0x6d370000 - 0x6d399000 	E:\java\jre6\bin\jdwp.dll
0x6d690000 - 0x6d696000 	E:\java\jre6\bin\npt.dll
0x6d7e0000 - 0x6d7ef000 	E:\java\jre6\bin\zip.dll
0x6d200000 - 0x6d207000 	E:\java\jre6\bin\dt_socket.dll
0x77a30000 - 0x77a65000 	C:\Windows\system32\WS2_32.dll
0x76e90000 - 0x76e96000 	C:\Windows\system32\NSI.dll
0x73950000 - 0x73960000 	C:\Windows\system32\NLAapi.dll
0x71030000 - 0x71040000 	C:\Windows\system32\napinsp.dll
0x71010000 - 0x71022000 	C:\Windows\system32\pnrpnsp.dll
0x75340000 - 0x7537c000 	C:\Windows\System32\mswsock.dll
0x75200000 - 0x75244000 	C:\Windows\system32\DNSAPI.dll
0x709b0000 - 0x709b8000 	C:\Windows\System32\winrnr.dll
0x709a0000 - 0x709ad000 	C:\Windows\system32\wshbth.dll
0x735f0000 - 0x7360c000 	C:\Windows\system32\IPHLPAPI.DLL
0x735e0000 - 0x735e7000 	C:\Windows\system32\WINNSI.DLL
0x72fe0000 - 0x73018000 	C:\Windows\System32\fwpuclnt.dll
0x6e670000 - 0x6e676000 	C:\Windows\system32\rasadhlp.dll
0x74e80000 - 0x74e85000 	C:\Windows\System32\wshtcpip.dll
0x76ac0000 - 0x76ac5000 	C:\Windows\system32\PSAPI.DLL

VM Arguments:
jvm_args: -agentlib:jdwp=transport=dt_socket,suspend=y,address=localhost:51902 -Dfile.encoding=UTF-8 
java_command: com.leetcode.q8.Solution
Launcher Type: SUN_STANDARD

Environment Variables:
JAVA_HOME=E:\java\jdk1.6.0_27
CLASSPATH=.E:\java\jdk1.6.0_27\lib;E:\java\jdk1.6.0_27\lib\tools.jar;E:\Tomcat6.0\common\lib\servlet-api.jar;
PATH=E:/Java/jre6/bin/client;E:/Java/jre6/bin;C:\Program Files\Common Files\NetSarang;C:\Program Files\AMD APP\bin\x86;C:\Windows\system32;C:\Windows;C:\Windows\System32\Wbem;C:\Windows\System32\WindowsPowerShell\v1.0\;C:\Program Files\ATI Technologies\ATI.ACE\Core-Static;E:\java\jdk1.6.0_27\bin;E:\java\jdk1.6.0_27\jre\bin;E:\Tomcat6.0\bin;E:\Android\sdk\tools;E:\Android\sdk\platform-tools;E:\Program Files\Python27;E:\Program Files\SSHSecureShell;E:\Program Files\MaShang6\bin
USERNAME=cjy&520
OS=Windows_NT
PROCESSOR_IDENTIFIER=x86 Family 6 Model 37 Stepping 2, GenuineIntel



---------------  S Y S T E M  ---------------

OS: Windows 7 Build 7601 Service Pack 1

CPU:total 4 (2 cores per cpu, 2 threads per core) family 6 model 37 stepping 2, cmov, cx8, fxsr, mmx, sse, sse2, sse3, ssse3, sse4.1, sse4.2, popcnt, ht

Memory: 4k page, physical 3136060k(965780k free), swap 6270372k(3425752k free)

vm_info: Java HotSpot(TM) Client VM (20.2-b06) for windows-x86 JRE (1.6.0_27-b07), built on Jul 19 2011 01:04:42 by "java_re" with MS VC++ 7.1 (VS2003)

time: Tue Mar 31 10:40:48 2015
elapsed time: 87 seconds

